<?xml version="1.0" encoding="UTF-8"?>
<!-- Generated by org.testng.reporters.JUnitReportReporter -->
<testsuite hostname="DESKTOP-A24CO29" failures="0" tests="1" name="practise.Tablesolution" time="5.722" errors="0" timestamp="2024-03-10T21:15:43 IST" skipped="0">
  <testcase classname="practise.Tablesolution" name="checktable" time="5.722"/>
</testsuite> <!-- practise.Tablesolution -->
