<?xml version="1.0" encoding="UTF-8"?>
<!-- Generated by org.testng.reporters.JUnitReportReporter -->
<testsuite hostname="DESKTOP-A24CO29" failures="0" tests="1" name="practise.Table_practise" time="6.254" errors="0" timestamp="2024-03-11T22:47:37 IST" skipped="0">
  <testcase classname="practise.Table_practise" name="scroll" time="6.254"/>
</testsuite> <!-- practise.Table_practise -->
