<?xml version="1.0" encoding="UTF-8"?>
<!-- Generated by org.testng.reporters.JUnitReportReporter -->
<testsuite hostname="DESKTOP-A24CO29" failures="0" tests="1" name="practise.WindowHandle" time="5.811" errors="0" timestamp="2024-03-10T21:55:47 IST" skipped="0">
  <testcase classname="practise.WindowHandle" name="windowhan" time="5.811"/>
</testsuite> <!-- practise.WindowHandle -->
