<?xml version="1.0" encoding="UTF-8"?>
<!-- Generated by org.testng.reporters.JUnitReportReporter -->
<testsuite hostname="DESKTOP-A24CO29" failures="0" tests="2" name="Framework_test.Automation_framework.LoginTest" time="15.806" errors="0" timestamp="2024-03-10T19:09:40 IST" skipped="0">
  <testcase classname="Framework_test.Automation_framework.LoginTest" name="invalidlogin" time="6.829"/>
  <testcase classname="Framework_test.Automation_framework.LoginTest" name="invalidlogin" time="8.977"/>
</testsuite> <!-- Framework_test.Automation_framework.LoginTest -->
