<?xml version="1.0" encoding="UTF-8"?>
<!-- Generated by org.testng.reporters.JUnitReportReporter -->
<testsuite hostname="DESKTOP-A24CO29" failures="0" tests="1" name="practise.ExtentReportstest" time="4.438" errors="0" timestamp="2024-03-10T15:23:02 IST" skipped="0">
  <testcase classname="practise.ExtentReportstest" name="test" time="4.438"/>
</testsuite> <!-- practise.ExtentReportstest -->
